d:\swarmaiadvancedtech\x64\debug\color.vs.cso
d:\swarmaiadvancedtech\advancedtechswarmai\x64\debug\vc140.pdb
d:\swarmaiadvancedtech\advancedtechswarmai\x64\debug\vc140.idb
d:\swarmaiadvancedtech\advancedtechswarmai\x64\debug\camera.obj
d:\swarmaiadvancedtech\advancedtechswarmai\x64\debug\direct3d.obj
d:\swarmaiadvancedtech\advancedtechswarmai\x64\debug\gameobject.obj
d:\swarmaiadvancedtech\advancedtechswarmai\x64\debug\graphicshandler.obj
d:\swarmaiadvancedtech\advancedtechswarmai\x64\debug\inputhandler.obj
d:\swarmaiadvancedtech\advancedtechswarmai\x64\debug\main.obj
d:\swarmaiadvancedtech\advancedtechswarmai\x64\debug\scene.obj
d:\swarmaiadvancedtech\advancedtechswarmai\x64\debug\shader.obj
d:\swarmaiadvancedtech\advancedtechswarmai\x64\debug\application.obj
d:\swarmaiadvancedtech\advancedtechswarmai\x64\debug\vbobject.obj
d:\swarmaiadvancedtech\advancedtechswarmai\x64\debug\boidmanager.obj
d:\swarmaiadvancedtech\x64\debug\advancedtechswarmai.ilk
d:\swarmaiadvancedtech\x64\debug\advancedtechswarmai.exe
d:\swarmaiadvancedtech\x64\debug\advancedtechswarmai.pdb
d:\swarmaiadvancedtech\advancedtechswarmai\x64\debug\advanced.170d255f.tlog\advancedtechswarmai.write.1u.tlog
d:\swarmaiadvancedtech\advancedtechswarmai\x64\debug\advanced.170d255f.tlog\cl.command.1.tlog
d:\swarmaiadvancedtech\advancedtechswarmai\x64\debug\advanced.170d255f.tlog\cl.read.1.tlog
d:\swarmaiadvancedtech\advancedtechswarmai\x64\debug\advanced.170d255f.tlog\cl.write.1.tlog
d:\swarmaiadvancedtech\advancedtechswarmai\x64\debug\advanced.170d255f.tlog\link.command.1.tlog
d:\swarmaiadvancedtech\advancedtechswarmai\x64\debug\advanced.170d255f.tlog\link.read.1.tlog
d:\swarmaiadvancedtech\advancedtechswarmai\x64\debug\advanced.170d255f.tlog\link.write.1.tlog
